[debug] [2021-10-13T18:24:14.376Z] ----------------------------------------------------------------------
[debug] [2021-10-13T18:24:14.379Z] Command:       C:\Program Files\nodejs\node.exe C:\Users\Harsh\AppData\Roaming\npm\node_modules\firebase-tools\lib\bin\firebase.js init
[debug] [2021-10-13T18:24:14.380Z] CLI Version:   9.20.0
[debug] [2021-10-13T18:24:14.380Z] Platform:      win32
[debug] [2021-10-13T18:24:14.380Z] Node Version:  v14.18.0
[debug] [2021-10-13T18:24:14.387Z] Time:          Wed Oct 13 2021 23:54:14 GMT+0530 (India Standard Time)
[debug] [2021-10-13T18:24:14.388Z] ----------------------------------------------------------------------
[debug] 
[debug] [2021-10-13T18:24:14.718Z] > command requires scopes: ["email","openid","https://www.googleapis.com/auth/cloudplatformprojects.readonly","https://www.googleapis.com/auth/firebase","https://www.googleapis.com/auth/cloud-platform"]
[debug] [2021-10-13T18:24:14.718Z] > authorizing via signed-in user (fadia.aayush@gmail.com)
[info] 
     ######## #### ########  ######## ########     ###     ######  ########
     ##        ##  ##     ## ##       ##     ##  ##   ##  ##       ##
     ######    ##  ########  ######   ########  #########  ######  ######
     ##        ##  ##    ##  ##       ##     ## ##     ##       ## ##
     ##       #### ##     ## ######## ########  ##     ##  ######  ########

You're about to initialize a Firebase project in this directory:

  C:\Users\Harsh\Downloads\you\youtube-clone-react-redux-Part_2_Design-UI\youtube-clone-react-redux-Part_2_Design-UI

Before we get started, keep in mind:

  * You are initializing within an existing Firebase project directory

